2025-11-28 20:14:41,197 - INFO - Using device: cuda
2025-11-28 20:14:41,198 - INFO - Loading training data...
2025-11-28 20:14:43,435 - INFO - Training data samples: 1770
2025-11-28 20:14:43,435 - INFO - Loading test data...
2025-11-28 20:14:43,441 - INFO - Test data samples: 240
2025-11-28 20:14:43,442 - INFO - Train samples: 1593, Val samples: 177, Test samples: 240
2025-11-28 20:14:43,951 - INFO - Model parameters: 499,169
2025-11-28 20:14:44,167 - INFO - Starting training...
2025-11-28 20:15:18,044 - INFO - Epoch  10/150: Train Loss: 0.006517, Val Loss: 0.006816, Val MAE: 0.070194, Best MAE: 0.039666, LR: 0.001000
2025-11-28 20:15:37,906 - INFO - Epoch  20/150: Train Loss: 0.004252, Val Loss: 0.002318, Val MAE: 0.035958, Best MAE: 0.030597, LR: 0.001000
2025-11-28 20:15:51,902 - INFO - Epoch  30/150: Train Loss: 0.003368, Val Loss: 0.001685, Val MAE: 0.026424, Best MAE: 0.024553, LR: 0.001000
2025-11-28 20:16:11,487 - INFO - Epoch  40/150: Train Loss: 0.002431, Val Loss: 0.002251, Val MAE: 0.020197, Best MAE: 0.016382, LR: 0.000500
2025-11-28 20:16:30,360 - INFO - Epoch  50/150: Train Loss: 0.001955, Val Loss: 0.000749, Val MAE: 0.014807, Best MAE: 0.014237, LR: 0.000500
2025-11-28 20:16:44,885 - INFO - Epoch  60/150: Train Loss: 0.001992, Val Loss: 0.000760, Val MAE: 0.017733, Best MAE: 0.014237, LR: 0.000500
2025-11-28 20:16:59,572 - INFO - Epoch  70/150: Train Loss: 0.001855, Val Loss: 0.000747, Val MAE: 0.016459, Best MAE: 0.014237, LR: 0.000500
2025-11-28 20:17:14,212 - INFO - Epoch  80/150: Train Loss: 0.001615, Val Loss: 0.001129, Val MAE: 0.025862, Best MAE: 0.014237, LR: 0.000250
2025-11-28 20:17:31,105 - INFO - Epoch  90/150: Train Loss: 0.001456, Val Loss: 0.000843, Val MAE: 0.018423, Best MAE: 0.011511, LR: 0.000250
2025-11-28 20:17:46,476 - INFO - Epoch 100/150: Train Loss: 0.001189, Val Loss: 0.000583, Val MAE: 0.014556, Best MAE: 0.011245, LR: 0.000125
2025-11-28 20:18:14,123 - INFO - Epoch 110/150: Train Loss: 0.001114, Val Loss: 0.000532, Val MAE: 0.010917, Best MAE: 0.010801, LR: 0.000063
2025-11-28 20:18:38,300 - INFO - Epoch 120/150: Train Loss: 0.001122, Val Loss: 0.000668, Val MAE: 0.013575, Best MAE: 0.010431, LR: 0.000031
2025-11-28 20:18:52,582 - INFO - Epoch 130/150: Train Loss: 0.001100, Val Loss: 0.000609, Val MAE: 0.010612, Best MAE: 0.010304, LR: 0.000031
2025-11-28 20:19:04,287 - INFO - Epoch 140/150: Train Loss: 0.001128, Val Loss: 0.000676, Val MAE: 0.011443, Best MAE: 0.010304, LR: 0.000016
2025-11-28 20:19:16,809 - INFO - Epoch 150/150: Train Loss: 0.001121, Val Loss: 0.000791, Val MAE: 0.010846, Best MAE: 0.010304, LR: 0.000008
2025-11-28 20:19:16,810 - INFO - Training completed! Best Val MAE: 0.010304
2025-11-28 20:19:16,810 - INFO - Plotting training curves...
2025-11-28 20:19:24,928 - INFO - ============================================================
2025-11-28 20:19:24,928 - INFO - Loading best model for final evaluation on test set...
2025-11-28 20:19:24,977 - INFO - Final Val Loss: 0.000686, Final Val MAE: 0.010304
2025-11-28 20:19:24,977 - INFO - Final Test Loss: 0.050300, Final Test MAE: 0.178545